2026-06-18 22:18:00,696 [INFO] ingest: 📂 Lendo documentos...)
2026-06-18 22:18:00,696 [INFO] ingest: ✅ 0 documento(s) carregado(s)
)
2026-06-18 22:18:00,697 [INFO] ingest: ✂️  Dividindo em chunks...)
2026-06-18 22:18:00,697 [INFO] ingest: ✅ 0 chunks gerados
)
2026-06-18 22:18:00,697 [INFO] ingest: ✅ 0 chunks válidos após filtro
)
2026-06-18 22:18:00,697 [INFO] ingest: ❌ Nenhum chunk válido encontrado. Verifique os documentos.)
2026-06-18 22:20:34,109 [INFO] ingest: 📂 Lendo documentos...
2026-06-18 22:20:34,109 [INFO] ingest: ✅ 0 documento(s) carregado(s)

2026-06-18 22:20:34,110 [INFO] ingest: ✂️  Dividindo em chunks...
2026-06-18 22:20:34,110 [INFO] ingest: ✅ 0 chunks gerados

2026-06-18 22:20:34,111 [INFO] ingest: ✅ 0 chunks válidos após filtro

2026-06-18 22:20:34,124 [INFO] ingest: ❌ Nenhum chunk válido encontrado. Verifique os documentos.
2026-06-18 22:26:20,826 [INFO] ingest: 📂 Lendo documentos...
2026-06-18 22:26:20,827 [INFO] ingest: Carregando: manual_produtos.pdf
2026-06-18 22:26:21,116 [WARNING] pypdf._reader: incorrect startxref pointer(1)
2026-06-18 22:26:21,116 [WARNING] pypdf._reader: parsing for Object Streams
2026-06-18 22:26:21,143 [INFO] ingest: Carregando: relatorio_mensal.txt
2026-06-18 22:26:21,144 [INFO] ingest: Carregando: vendas_maio2026.xlsx
2026-06-18 22:26:25,008 [INFO] ingest: ✅ 3 documento(s) carregado(s)

2026-06-18 22:26:25,008 [INFO] ingest: ✂️  Dividindo em chunks...
2026-06-18 22:26:25,010 [INFO] ingest: ✅ 5 chunks gerados

2026-06-18 22:26:25,010 [INFO] ingest: ✅ 5 chunks válidos após filtro

2026-06-18 22:26:25,011 [INFO] ingest: 🧠 Carregando embeddings (HuggingFace)...
2026-06-18 22:26:25,014 [INFO] sentence_transformers.base.model: No device provided, using cpu
2026-06-18 22:26:26,482 [INFO] httpx: HTTP Request: HEAD https://huggingface.co/sentence-transformers/all-MiniLM-L6-v2/resolve/main/modules.json "HTTP/1.1 307 Temporary Redirect"
2026-06-18 22:26:26,623 [INFO] httpx: HTTP Request: HEAD https://huggingface.co/api/resolve-cache/models/sentence-transformers/all-MiniLM-L6-v2/1110a243fdf4706b3f48f1d95db1a4f5529b4d41/modules.json "HTTP/1.1 200 OK"
2026-06-18 22:26:26,893 [INFO] httpx: HTTP Request: HEAD https://huggingface.co/sentence-transformers/all-MiniLM-L6-v2/resolve/main/config_sentence_transformers.json "HTTP/1.1 307 Temporary Redirect"
2026-06-18 22:26:27,069 [INFO] httpx: HTTP Request: HEAD https://huggingface.co/api/resolve-cache/models/sentence-transformers/all-MiniLM-L6-v2/1110a243fdf4706b3f48f1d95db1a4f5529b4d41/config_sentence_transformers.json "HTTP/1.1 200 OK"
2026-06-18 22:26:27,073 [INFO] sentence_transformers.base.model: Loading SentenceTransformer model from sentence-transformers/all-MiniLM-L6-v2.
2026-06-18 22:26:27,380 [INFO] httpx: HTTP Request: HEAD https://huggingface.co/sentence-transformers/all-MiniLM-L6-v2/resolve/main/config_sentence_transformers.json "HTTP/1.1 307 Temporary Redirect"
2026-06-18 22:26:27,593 [INFO] httpx: HTTP Request: HEAD https://huggingface.co/api/resolve-cache/models/sentence-transformers/all-MiniLM-L6-v2/1110a243fdf4706b3f48f1d95db1a4f5529b4d41/config_sentence_transformers.json "HTTP/1.1 200 OK"
2026-06-18 22:26:27,850 [INFO] httpx: HTTP Request: HEAD https://huggingface.co/sentence-transformers/all-MiniLM-L6-v2/resolve/main/README.md "HTTP/1.1 307 Temporary Redirect"
2026-06-18 22:26:28,000 [INFO] httpx: HTTP Request: HEAD https://huggingface.co/api/resolve-cache/models/sentence-transformers/all-MiniLM-L6-v2/1110a243fdf4706b3f48f1d95db1a4f5529b4d41/README.md "HTTP/1.1 200 OK"
2026-06-18 22:26:28,301 [INFO] httpx: HTTP Request: HEAD https://huggingface.co/sentence-transformers/all-MiniLM-L6-v2/resolve/main/modules.json "HTTP/1.1 307 Temporary Redirect"
2026-06-18 22:26:28,698 [INFO] httpx: HTTP Request: HEAD https://huggingface.co/api/resolve-cache/models/sentence-transformers/all-MiniLM-L6-v2/1110a243fdf4706b3f48f1d95db1a4f5529b4d41/modules.json "HTTP/1.1 200 OK"
2026-06-18 22:26:28,957 [INFO] httpx: HTTP Request: HEAD https://huggingface.co/sentence-transformers/all-MiniLM-L6-v2/resolve/main/sentence_bert_config.json "HTTP/1.1 307 Temporary Redirect"
2026-06-18 22:26:29,068 [INFO] httpx: HTTP Request: HEAD https://huggingface.co/api/resolve-cache/models/sentence-transformers/all-MiniLM-L6-v2/1110a243fdf4706b3f48f1d95db1a4f5529b4d41/sentence_bert_config.json "HTTP/1.1 200 OK"
2026-06-18 22:26:29,295 [INFO] httpx: HTTP Request: HEAD https://huggingface.co/sentence-transformers/all-MiniLM-L6-v2/resolve/main/adapter_config.json "HTTP/1.1 404 Not Found"
2026-06-18 22:26:29,638 [INFO] httpx: HTTP Request: HEAD https://huggingface.co/sentence-transformers/all-MiniLM-L6-v2/resolve/main/config.json "HTTP/1.1 307 Temporary Redirect"
2026-06-18 22:26:29,754 [INFO] httpx: HTTP Request: HEAD https://huggingface.co/api/resolve-cache/models/sentence-transformers/all-MiniLM-L6-v2/1110a243fdf4706b3f48f1d95db1a4f5529b4d41/config.json "HTTP/1.1 200 OK"
2026-06-18 22:26:30,449 [INFO] httpx: HTTP Request: HEAD https://huggingface.co/sentence-transformers/all-MiniLM-L6-v2/resolve/main/processor_config.json "HTTP/1.1 404 Not Found"
2026-06-18 22:26:30,747 [INFO] httpx: HTTP Request: HEAD https://huggingface.co/sentence-transformers/all-MiniLM-L6-v2/resolve/main/preprocessor_config.json "HTTP/1.1 404 Not Found"
2026-06-18 22:26:31,019 [INFO] httpx: HTTP Request: HEAD https://huggingface.co/sentence-transformers/all-MiniLM-L6-v2/resolve/main/video_preprocessor_config.json "HTTP/1.1 404 Not Found"
2026-06-18 22:26:31,283 [INFO] httpx: HTTP Request: HEAD https://huggingface.co/sentence-transformers/all-MiniLM-L6-v2/resolve/main/preprocessor_config.json "HTTP/1.1 404 Not Found"
2026-06-18 22:26:31,539 [INFO] httpx: HTTP Request: HEAD https://huggingface.co/sentence-transformers/all-MiniLM-L6-v2/resolve/main/tokenizer_config.json "HTTP/1.1 307 Temporary Redirect"
2026-06-18 22:26:31,669 [INFO] httpx: HTTP Request: HEAD https://huggingface.co/api/resolve-cache/models/sentence-transformers/all-MiniLM-L6-v2/1110a243fdf4706b3f48f1d95db1a4f5529b4d41/tokenizer_config.json "HTTP/1.1 200 OK"
2026-06-18 22:26:31,982 [INFO] httpx: HTTP Request: HEAD https://huggingface.co/sentence-transformers/all-MiniLM-L6-v2/resolve/main/config.json "HTTP/1.1 307 Temporary Redirect"
2026-06-18 22:26:32,123 [INFO] httpx: HTTP Request: HEAD https://huggingface.co/api/resolve-cache/models/sentence-transformers/all-MiniLM-L6-v2/1110a243fdf4706b3f48f1d95db1a4f5529b4d41/config.json "HTTP/1.1 200 OK"
2026-06-18 22:26:32,498 [INFO] httpx: HTTP Request: HEAD https://huggingface.co/sentence-transformers/all-MiniLM-L6-v2/resolve/main/config.json "HTTP/1.1 307 Temporary Redirect"
2026-06-18 22:26:32,649 [INFO] httpx: HTTP Request: HEAD https://huggingface.co/api/resolve-cache/models/sentence-transformers/all-MiniLM-L6-v2/1110a243fdf4706b3f48f1d95db1a4f5529b4d41/config.json "HTTP/1.1 200 OK"
2026-06-18 22:26:32,952 [INFO] httpx: HTTP Request: HEAD https://huggingface.co/sentence-transformers/all-MiniLM-L6-v2/resolve/main/tokenizer_config.json "HTTP/1.1 307 Temporary Redirect"
2026-06-18 22:26:33,095 [INFO] httpx: HTTP Request: HEAD https://huggingface.co/api/resolve-cache/models/sentence-transformers/all-MiniLM-L6-v2/1110a243fdf4706b3f48f1d95db1a4f5529b4d41/tokenizer_config.json "HTTP/1.1 200 OK"
2026-06-18 22:26:33,379 [INFO] httpx: HTTP Request: GET https://huggingface.co/api/models/sentence-transformers/all-MiniLM-L6-v2/tree/main/additional_chat_templates?recursive=false&expand=false "HTTP/1.1 404 Not Found"
2026-06-18 22:26:33,632 [INFO] httpx: HTTP Request: GET https://huggingface.co/api/models/sentence-transformers/all-MiniLM-L6-v2/tree/main?recursive=true&expand=false "HTTP/1.1 200 OK"
2026-06-18 22:26:34,144 [INFO] httpx: HTTP Request: HEAD https://huggingface.co/sentence-transformers/all-MiniLM-L6-v2/resolve/main/1_Pooling/config.json "HTTP/1.1 307 Temporary Redirect"
2026-06-18 22:26:34,254 [INFO] httpx: HTTP Request: HEAD https://huggingface.co/api/resolve-cache/models/sentence-transformers/all-MiniLM-L6-v2/1110a243fdf4706b3f48f1d95db1a4f5529b4d41/1_Pooling%2Fconfig.json "HTTP/1.1 200 OK"
2026-06-18 22:26:34,490 [INFO] httpx: HTTP Request: GET https://huggingface.co/api/models/sentence-transformers/all-MiniLM-L6-v2 "HTTP/1.1 200 OK"
2026-06-18 22:26:34,498 [INFO] ingest: 💾 Criando Vector DB com Chroma...
2026-06-18 22:26:35,166 [INFO] ingest: ✅ Vector DB salvo em 'C:\Users\felip\Desktop\Python2026\Projetos IA\ai-agent-demo\src\vectordb'

2026-06-18 22:26:35,167 [INFO] ingest: 🎉 Ingest concluído! Pronto para subir no Hugging Face.
2026-06-18 22:30:12,785 [INFO] ingest: 📂 Lendo documentos...
2026-06-18 22:30:12,785 [INFO] ingest: Carregando: manual_produtos.pdf
2026-06-18 22:30:13,086 [WARNING] pypdf._reader: incorrect startxref pointer(1)
2026-06-18 22:30:13,088 [WARNING] pypdf._reader: parsing for Object Streams
2026-06-18 22:30:13,106 [INFO] ingest: Carregando: relatorio_mensal.txt
2026-06-18 22:30:13,107 [INFO] ingest: Carregando: vendas_maio2026.xlsx
2026-06-18 22:30:16,972 [INFO] ingest: ✅ 3 documento(s) carregado(s)

2026-06-18 22:30:16,972 [INFO] ingest: ✂️  Dividindo em chunks...
2026-06-18 22:30:16,982 [INFO] ingest: ✅ 5 chunks gerados

2026-06-18 22:30:16,982 [INFO] ingest: ✅ 5 chunks válidos após filtro

2026-06-18 22:30:16,982 [INFO] ingest: 🧠 Carregando embeddings (HuggingFace)...
2026-06-18 22:30:16,985 [INFO] sentence_transformers.base.model: No device provided, using cpu
2026-06-18 22:30:19,410 [INFO] sentence_transformers.base.model: Loading SentenceTransformer model from sentence-transformers/all-MiniLM-L6-v2.
2026-06-18 22:30:23,127 [INFO] ingest: 💾 Criando Vector DB com Chroma...
2026-06-18 22:30:23,663 [INFO] ingest: ✅ Vector DB salvo em 'C:\Users\felip\Desktop\Python2026\Projetos IA\ai-agent-demo\src\vectordb'

2026-06-18 22:30:23,663 [INFO] ingest: 🎉 Ingest concluído! Pronto para subir no Hugging Face.
