2026-06-18 22:15:44,786 [INFO] ingest: 📂 Lendo documentos...)
2026-06-18 22:15:44,787 [INFO] ingest: Carregando: manual_produtos.pdf)
2026-06-18 22:15:45,149 [WARNING] pypdf._reader: incorrect startxref pointer(1))
2026-06-18 22:15:45,149 [WARNING] pypdf._reader: parsing for Object Streams)
2026-06-18 22:15:45,185 [INFO] ingest: Carregando: relatorio_mensal.txt)
2026-06-18 22:15:45,193 [INFO] ingest: Carregando: vendas_maio2026.xlsx)
2026-06-18 22:15:49,295 [INFO] ingest: ✅ 3 documento(s) carregado(s)
)
2026-06-18 22:15:49,295 [INFO] ingest: ✂️  Dividindo em chunks...)
2026-06-18 22:15:49,303 [INFO] ingest: ✅ 5 chunks gerados
)
2026-06-18 22:15:49,303 [INFO] ingest: ✅ 5 chunks válidos após filtro
)
2026-06-18 22:15:49,303 [INFO] ingest: 🧠 Carregando embeddings (HuggingFace)...)
2026-06-18 22:15:49,319 [INFO] sentence_transformers.base.model: No device provided, using cpu)
2026-06-18 22:15:50,122 [INFO] httpx: HTTP Request: HEAD https://huggingface.co/sentence-transformers/all-MiniLM-L6-v2/resolve/main/modules.json "HTTP/1.1 307 Temporary Redirect")
2026-06-18 22:15:50,145 [INFO] httpx: HTTP Request: HEAD https://huggingface.co/api/resolve-cache/models/sentence-transformers/all-MiniLM-L6-v2/1110a243fdf4706b3f48f1d95db1a4f5529b4d41/modules.json "HTTP/1.1 200 OK")
2026-06-18 22:15:50,311 [INFO] httpx: HTTP Request: HEAD https://huggingface.co/sentence-transformers/all-MiniLM-L6-v2/resolve/main/config_sentence_transformers.json "HTTP/1.1 307 Temporary Redirect")
2026-06-18 22:15:50,363 [INFO] httpx: HTTP Request: HEAD https://huggingface.co/api/resolve-cache/models/sentence-transformers/all-MiniLM-L6-v2/1110a243fdf4706b3f48f1d95db1a4f5529b4d41/config_sentence_transformers.json "HTTP/1.1 200 OK")
2026-06-18 22:15:50,365 [INFO] sentence_transformers.base.model: Loading SentenceTransformer model from sentence-transformers/all-MiniLM-L6-v2.)
2026-06-18 22:15:50,502 [INFO] httpx: HTTP Request: HEAD https://huggingface.co/sentence-transformers/all-MiniLM-L6-v2/resolve/main/config_sentence_transformers.json "HTTP/1.1 307 Temporary Redirect")
2026-06-18 22:15:50,536 [INFO] httpx: HTTP Request: HEAD https://huggingface.co/api/resolve-cache/models/sentence-transformers/all-MiniLM-L6-v2/1110a243fdf4706b3f48f1d95db1a4f5529b4d41/config_sentence_transformers.json "HTTP/1.1 200 OK")
2026-06-18 22:15:50,686 [INFO] httpx: HTTP Request: HEAD https://huggingface.co/sentence-transformers/all-MiniLM-L6-v2/resolve/main/README.md "HTTP/1.1 307 Temporary Redirect")
2026-06-18 22:15:50,773 [INFO] httpx: HTTP Request: HEAD https://huggingface.co/api/resolve-cache/models/sentence-transformers/all-MiniLM-L6-v2/1110a243fdf4706b3f48f1d95db1a4f5529b4d41/README.md "HTTP/1.1 200 OK")
2026-06-18 22:15:50,932 [INFO] httpx: HTTP Request: HEAD https://huggingface.co/sentence-transformers/all-MiniLM-L6-v2/resolve/main/modules.json "HTTP/1.1 307 Temporary Redirect")
2026-06-18 22:15:50,956 [INFO] httpx: HTTP Request: HEAD https://huggingface.co/api/resolve-cache/models/sentence-transformers/all-MiniLM-L6-v2/1110a243fdf4706b3f48f1d95db1a4f5529b4d41/modules.json "HTTP/1.1 200 OK")
2026-06-18 22:15:51,122 [INFO] httpx: HTTP Request: HEAD https://huggingface.co/sentence-transformers/all-MiniLM-L6-v2/resolve/main/sentence_bert_config.json "HTTP/1.1 307 Temporary Redirect")
2026-06-18 22:15:51,138 [INFO] httpx: HTTP Request: HEAD https://huggingface.co/api/resolve-cache/models/sentence-transformers/all-MiniLM-L6-v2/1110a243fdf4706b3f48f1d95db1a4f5529b4d41/sentence_bert_config.json "HTTP/1.1 200 OK")
2026-06-18 22:15:51,288 [INFO] httpx: HTTP Request: HEAD https://huggingface.co/sentence-transformers/all-MiniLM-L6-v2/resolve/main/adapter_config.json "HTTP/1.1 404 Not Found")
2026-06-18 22:15:51,441 [INFO] httpx: HTTP Request: HEAD https://huggingface.co/sentence-transformers/all-MiniLM-L6-v2/resolve/main/config.json "HTTP/1.1 307 Temporary Redirect")
2026-06-18 22:15:51,462 [INFO] httpx: HTTP Request: HEAD https://huggingface.co/api/resolve-cache/models/sentence-transformers/all-MiniLM-L6-v2/1110a243fdf4706b3f48f1d95db1a4f5529b4d41/config.json "HTTP/1.1 200 OK")
2026-06-18 22:15:51,947 [INFO] httpx: HTTP Request: HEAD https://huggingface.co/sentence-transformers/all-MiniLM-L6-v2/resolve/main/processor_config.json "HTTP/1.1 404 Not Found")
2026-06-18 22:15:52,114 [INFO] httpx: HTTP Request: HEAD https://huggingface.co/sentence-transformers/all-MiniLM-L6-v2/resolve/main/preprocessor_config.json "HTTP/1.1 404 Not Found")
2026-06-18 22:15:52,270 [INFO] httpx: HTTP Request: HEAD https://huggingface.co/sentence-transformers/all-MiniLM-L6-v2/resolve/main/video_preprocessor_config.json "HTTP/1.1 404 Not Found")
2026-06-18 22:15:52,507 [INFO] httpx: HTTP Request: HEAD https://huggingface.co/sentence-transformers/all-MiniLM-L6-v2/resolve/main/preprocessor_config.json "HTTP/1.1 404 Not Found")
2026-06-18 22:15:52,718 [INFO] httpx: HTTP Request: HEAD https://huggingface.co/sentence-transformers/all-MiniLM-L6-v2/resolve/main/tokenizer_config.json "HTTP/1.1 307 Temporary Redirect")
2026-06-18 22:15:52,737 [INFO] httpx: HTTP Request: HEAD https://huggingface.co/api/resolve-cache/models/sentence-transformers/all-MiniLM-L6-v2/1110a243fdf4706b3f48f1d95db1a4f5529b4d41/tokenizer_config.json "HTTP/1.1 200 OK")
2026-06-18 22:15:52,923 [INFO] httpx: HTTP Request: HEAD https://huggingface.co/sentence-transformers/all-MiniLM-L6-v2/resolve/main/config.json "HTTP/1.1 307 Temporary Redirect")
2026-06-18 22:15:52,944 [INFO] httpx: HTTP Request: HEAD https://huggingface.co/api/resolve-cache/models/sentence-transformers/all-MiniLM-L6-v2/1110a243fdf4706b3f48f1d95db1a4f5529b4d41/config.json "HTTP/1.1 200 OK")
2026-06-18 22:15:53,132 [INFO] httpx: HTTP Request: HEAD https://huggingface.co/sentence-transformers/all-MiniLM-L6-v2/resolve/main/config.json "HTTP/1.1 307 Temporary Redirect")
2026-06-18 22:15:53,151 [INFO] httpx: HTTP Request: HEAD https://huggingface.co/api/resolve-cache/models/sentence-transformers/all-MiniLM-L6-v2/1110a243fdf4706b3f48f1d95db1a4f5529b4d41/config.json "HTTP/1.1 200 OK")
2026-06-18 22:15:53,333 [INFO] httpx: HTTP Request: HEAD https://huggingface.co/sentence-transformers/all-MiniLM-L6-v2/resolve/main/tokenizer_config.json "HTTP/1.1 307 Temporary Redirect")
2026-06-18 22:15:53,352 [INFO] httpx: HTTP Request: HEAD https://huggingface.co/api/resolve-cache/models/sentence-transformers/all-MiniLM-L6-v2/1110a243fdf4706b3f48f1d95db1a4f5529b4d41/tokenizer_config.json "HTTP/1.1 200 OK")
2026-06-18 22:15:53,582 [INFO] httpx: HTTP Request: GET https://huggingface.co/api/models/sentence-transformers/all-MiniLM-L6-v2/tree/main/additional_chat_templates?recursive=false&expand=false "HTTP/1.1 404 Not Found")
2026-06-18 22:15:53,733 [INFO] httpx: HTTP Request: GET https://huggingface.co/api/models/sentence-transformers/all-MiniLM-L6-v2/tree/main?recursive=true&expand=false "HTTP/1.1 200 OK")
2026-06-18 22:15:54,064 [INFO] httpx: HTTP Request: HEAD https://huggingface.co/sentence-transformers/all-MiniLM-L6-v2/resolve/main/1_Pooling/config.json "HTTP/1.1 307 Temporary Redirect")
2026-06-18 22:15:54,084 [INFO] httpx: HTTP Request: HEAD https://huggingface.co/api/resolve-cache/models/sentence-transformers/all-MiniLM-L6-v2/1110a243fdf4706b3f48f1d95db1a4f5529b4d41/1_Pooling%2Fconfig.json "HTTP/1.1 200 OK")
2026-06-18 22:15:54,253 [INFO] httpx: HTTP Request: GET https://huggingface.co/api/models/sentence-transformers/all-MiniLM-L6-v2 "HTTP/1.1 200 OK")
2026-06-18 22:15:54,253 [INFO] ingest: 💾 Criando Vector DB com Chroma...)
2026-06-18 22:15:55,055 [INFO] ingest: ✅ Vector DB salvo em 'src\vectordb'
)
2026-06-18 22:15:55,055 [INFO] ingest: 🎉 Ingest concluído! Pronto para subir no Hugging Face.)
2026-06-18 22:25:37,637 [INFO] ingest: 📂 Lendo documentos...
2026-06-18 22:25:37,638 [INFO] ingest: Carregando: manual_produtos.pdf
2026-06-18 22:25:37,968 [WARNING] pypdf._reader: incorrect startxref pointer(1)
2026-06-18 22:25:37,969 [WARNING] pypdf._reader: parsing for Object Streams
2026-06-18 22:25:37,986 [INFO] ingest: Carregando: relatorio_mensal.txt
2026-06-18 22:25:37,988 [INFO] ingest: Carregando: vendas_maio2026.xlsx
2026-06-18 22:25:41,866 [INFO] ingest: ✅ 3 documento(s) carregado(s)

2026-06-18 22:25:41,868 [INFO] ingest: ✂️  Dividindo em chunks...
2026-06-18 22:25:41,869 [INFO] ingest: ✅ 5 chunks gerados

2026-06-18 22:25:41,870 [INFO] ingest: ✅ 5 chunks válidos após filtro

2026-06-18 22:25:41,870 [INFO] ingest: 🧠 Carregando embeddings (HuggingFace)...
2026-06-18 22:25:41,873 [INFO] sentence_transformers.base.model: No device provided, using cpu
2026-06-18 22:25:42,717 [INFO] httpx: HTTP Request: HEAD https://huggingface.co/sentence-transformers/all-MiniLM-L6-v2/resolve/main/modules.json "HTTP/1.1 307 Temporary Redirect"
2026-06-18 22:25:42,734 [INFO] httpx: HTTP Request: HEAD https://huggingface.co/api/resolve-cache/models/sentence-transformers/all-MiniLM-L6-v2/1110a243fdf4706b3f48f1d95db1a4f5529b4d41/modules.json "HTTP/1.1 200 OK"
2026-06-18 22:25:42,881 [INFO] httpx: HTTP Request: HEAD https://huggingface.co/sentence-transformers/all-MiniLM-L6-v2/resolve/main/config_sentence_transformers.json "HTTP/1.1 307 Temporary Redirect"
2026-06-18 22:25:42,907 [INFO] httpx: HTTP Request: HEAD https://huggingface.co/api/resolve-cache/models/sentence-transformers/all-MiniLM-L6-v2/1110a243fdf4706b3f48f1d95db1a4f5529b4d41/config_sentence_transformers.json "HTTP/1.1 200 OK"
2026-06-18 22:25:42,914 [INFO] sentence_transformers.base.model: Loading SentenceTransformer model from sentence-transformers/all-MiniLM-L6-v2.
2026-06-18 22:25:43,096 [INFO] httpx: HTTP Request: HEAD https://huggingface.co/sentence-transformers/all-MiniLM-L6-v2/resolve/main/config_sentence_transformers.json "HTTP/1.1 307 Temporary Redirect"
2026-06-18 22:25:43,213 [INFO] httpx: HTTP Request: HEAD https://huggingface.co/api/resolve-cache/models/sentence-transformers/all-MiniLM-L6-v2/1110a243fdf4706b3f48f1d95db1a4f5529b4d41/config_sentence_transformers.json "HTTP/1.1 200 OK"
2026-06-18 22:25:43,370 [INFO] httpx: HTTP Request: HEAD https://huggingface.co/sentence-transformers/all-MiniLM-L6-v2/resolve/main/README.md "HTTP/1.1 307 Temporary Redirect"
2026-06-18 22:25:43,394 [INFO] httpx: HTTP Request: HEAD https://huggingface.co/api/resolve-cache/models/sentence-transformers/all-MiniLM-L6-v2/1110a243fdf4706b3f48f1d95db1a4f5529b4d41/README.md "HTTP/1.1 200 OK"
2026-06-18 22:25:43,635 [INFO] httpx: HTTP Request: HEAD https://huggingface.co/sentence-transformers/all-MiniLM-L6-v2/resolve/main/modules.json "HTTP/1.1 307 Temporary Redirect"
2026-06-18 22:25:43,695 [INFO] httpx: HTTP Request: HEAD https://huggingface.co/api/resolve-cache/models/sentence-transformers/all-MiniLM-L6-v2/1110a243fdf4706b3f48f1d95db1a4f5529b4d41/modules.json "HTTP/1.1 200 OK"
2026-06-18 22:25:43,962 [INFO] httpx: HTTP Request: HEAD https://huggingface.co/sentence-transformers/all-MiniLM-L6-v2/resolve/main/sentence_bert_config.json "HTTP/1.1 307 Temporary Redirect"
2026-06-18 22:25:43,993 [INFO] httpx: HTTP Request: HEAD https://huggingface.co/api/resolve-cache/models/sentence-transformers/all-MiniLM-L6-v2/1110a243fdf4706b3f48f1d95db1a4f5529b4d41/sentence_bert_config.json "HTTP/1.1 200 OK"
2026-06-18 22:25:44,158 [INFO] httpx: HTTP Request: HEAD https://huggingface.co/sentence-transformers/all-MiniLM-L6-v2/resolve/main/adapter_config.json "HTTP/1.1 404 Not Found"
2026-06-18 22:25:44,346 [INFO] httpx: HTTP Request: HEAD https://huggingface.co/sentence-transformers/all-MiniLM-L6-v2/resolve/main/config.json "HTTP/1.1 307 Temporary Redirect"
2026-06-18 22:25:44,381 [INFO] httpx: HTTP Request: HEAD https://huggingface.co/api/resolve-cache/models/sentence-transformers/all-MiniLM-L6-v2/1110a243fdf4706b3f48f1d95db1a4f5529b4d41/config.json "HTTP/1.1 200 OK"
2026-06-18 22:25:44,894 [INFO] httpx: HTTP Request: HEAD https://huggingface.co/sentence-transformers/all-MiniLM-L6-v2/resolve/main/processor_config.json "HTTP/1.1 404 Not Found"
2026-06-18 22:25:45,070 [INFO] httpx: HTTP Request: HEAD https://huggingface.co/sentence-transformers/all-MiniLM-L6-v2/resolve/main/preprocessor_config.json "HTTP/1.1 404 Not Found"
2026-06-18 22:25:45,277 [INFO] httpx: HTTP Request: HEAD https://huggingface.co/sentence-transformers/all-MiniLM-L6-v2/resolve/main/video_preprocessor_config.json "HTTP/1.1 404 Not Found"
2026-06-18 22:25:45,431 [INFO] httpx: HTTP Request: HEAD https://huggingface.co/sentence-transformers/all-MiniLM-L6-v2/resolve/main/preprocessor_config.json "HTTP/1.1 404 Not Found"
2026-06-18 22:25:45,578 [INFO] httpx: HTTP Request: HEAD https://huggingface.co/sentence-transformers/all-MiniLM-L6-v2/resolve/main/tokenizer_config.json "HTTP/1.1 307 Temporary Redirect"
2026-06-18 22:25:45,596 [INFO] httpx: HTTP Request: HEAD https://huggingface.co/api/resolve-cache/models/sentence-transformers/all-MiniLM-L6-v2/1110a243fdf4706b3f48f1d95db1a4f5529b4d41/tokenizer_config.json "HTTP/1.1 200 OK"
2026-06-18 22:25:45,788 [INFO] httpx: HTTP Request: HEAD https://huggingface.co/sentence-transformers/all-MiniLM-L6-v2/resolve/main/config.json "HTTP/1.1 307 Temporary Redirect"
2026-06-18 22:25:45,809 [INFO] httpx: HTTP Request: HEAD https://huggingface.co/api/resolve-cache/models/sentence-transformers/all-MiniLM-L6-v2/1110a243fdf4706b3f48f1d95db1a4f5529b4d41/config.json "HTTP/1.1 200 OK"
2026-06-18 22:25:45,979 [INFO] httpx: HTTP Request: HEAD https://huggingface.co/sentence-transformers/all-MiniLM-L6-v2/resolve/main/config.json "HTTP/1.1 307 Temporary Redirect"
2026-06-18 22:25:46,003 [INFO] httpx: HTTP Request: HEAD https://huggingface.co/api/resolve-cache/models/sentence-transformers/all-MiniLM-L6-v2/1110a243fdf4706b3f48f1d95db1a4f5529b4d41/config.json "HTTP/1.1 200 OK"
2026-06-18 22:25:46,156 [INFO] httpx: HTTP Request: HEAD https://huggingface.co/sentence-transformers/all-MiniLM-L6-v2/resolve/main/tokenizer_config.json "HTTP/1.1 307 Temporary Redirect"
2026-06-18 22:25:46,175 [INFO] httpx: HTTP Request: HEAD https://huggingface.co/api/resolve-cache/models/sentence-transformers/all-MiniLM-L6-v2/1110a243fdf4706b3f48f1d95db1a4f5529b4d41/tokenizer_config.json "HTTP/1.1 200 OK"
2026-06-18 22:25:46,333 [INFO] httpx: HTTP Request: GET https://huggingface.co/api/models/sentence-transformers/all-MiniLM-L6-v2/tree/main/additional_chat_templates?recursive=false&expand=false "HTTP/1.1 404 Not Found"
2026-06-18 22:25:46,483 [INFO] httpx: HTTP Request: GET https://huggingface.co/api/models/sentence-transformers/all-MiniLM-L6-v2/tree/main?recursive=true&expand=false "HTTP/1.1 200 OK"
2026-06-18 22:25:46,827 [INFO] httpx: HTTP Request: HEAD https://huggingface.co/sentence-transformers/all-MiniLM-L6-v2/resolve/main/1_Pooling/config.json "HTTP/1.1 307 Temporary Redirect"
2026-06-18 22:25:46,845 [INFO] httpx: HTTP Request: HEAD https://huggingface.co/api/resolve-cache/models/sentence-transformers/all-MiniLM-L6-v2/1110a243fdf4706b3f48f1d95db1a4f5529b4d41/1_Pooling%2Fconfig.json "HTTP/1.1 200 OK"
2026-06-18 22:25:47,469 [INFO] httpx: HTTP Request: GET https://huggingface.co/api/models/sentence-transformers/all-MiniLM-L6-v2 "HTTP/1.1 200 OK"
2026-06-18 22:25:47,477 [INFO] ingest: 💾 Criando Vector DB com Chroma...
2026-06-18 22:25:48,219 [INFO] ingest: ✅ Vector DB salvo em 'C:\Users\felip\Desktop\Python2026\Projetos IA\ai-agent-demo\src\vectordb'

2026-06-18 22:25:48,222 [INFO] ingest: 🎉 Ingest concluído! Pronto para subir no Hugging Face.
2026-06-19 00:00:07,597 [INFO] ingest: Carregando: manual_produtos.pdf
2026-06-19 00:00:08,135 [WARNING] pypdf._reader: incorrect startxref pointer(1)
2026-06-19 00:00:08,135 [WARNING] pypdf._reader: parsing for Object Streams
2026-06-19 00:00:08,163 [INFO] ingest: Carregando: relatorio_mensal.txt
2026-06-19 00:00:08,181 [INFO] ingest: Carregando: vendas_maio2026.xlsx
2026-06-19 00:00:14,534 [INFO] ingest: 📂 Lendo documentos...
2026-06-19 00:00:14,534 [INFO] ingest: ✅ 3 documento(s) carregado(s)

2026-06-19 00:01:06,198 [INFO] ingest: Carregando: manual_produtos.pdf
2026-06-19 00:01:06,514 [WARNING] pypdf._reader: incorrect startxref pointer(1)
2026-06-19 00:01:06,514 [WARNING] pypdf._reader: parsing for Object Streams
2026-06-19 00:01:06,536 [INFO] ingest: Carregando: relatorio_mensal.txt
2026-06-19 00:01:06,536 [INFO] ingest: Carregando: vendas_maio2026.xlsx
2026-06-19 00:01:10,740 [INFO] ingest: 📂 Lendo documentos...
2026-06-19 00:01:10,740 [INFO] ingest: ✅ 3 documento(s) carregado(s)

2026-06-19 00:01:10,742 [INFO] chunking: ✅ 5 chunks gerados

2026-06-19 00:04:31,802 [INFO] ingest: Carregando: manual_produtos.pdf
2026-06-19 00:04:32,205 [WARNING] pypdf._reader: incorrect startxref pointer(1)
2026-06-19 00:04:32,206 [WARNING] pypdf._reader: parsing for Object Streams
2026-06-19 00:04:32,226 [INFO] ingest: Carregando: relatorio_mensal.txt
2026-06-19 00:04:32,245 [INFO] ingest: Carregando: vendas_maio2026.xlsx
2026-06-19 00:04:37,702 [INFO] ingest: 📂 Lendo documentos...
2026-06-19 00:04:37,702 [INFO] ingest: ✅ 3 documento(s) carregado(s)

2026-06-19 00:04:37,703 [INFO] chunking: ✅ 5 chunks gerados

2026-06-19 00:04:37,703 [INFO] ingest: ✅ 5 chunks válidos após filtro

2026-06-19 00:04:37,704 [INFO] embeddings: 🧠 Carregando embeddings (HuggingFace)...
2026-06-19 00:04:37,707 [INFO] sentence_transformers.base.model: No device provided, using cpu
2026-06-19 00:04:38,814 [INFO] sentence_transformers.base.model: Loading SentenceTransformer model from sentence-transformers/all-MiniLM-L6-v2.
2026-06-19 00:04:43,191 [INFO] criando: 💾 Criando Vector DB com Chroma...
2026-06-19 00:04:44,844 [INFO] criando: ✅ Vector DB salvo em 'C:\Users\felip\Desktop\Python2026\Projetos IA\ai-agent-demo\src\vectordb'

2026-06-19 00:04:44,845 [INFO] criando: 🎉 Ingest concluído! Pronto para subir no Hugging Face.
2026-06-19 00:10:38,431 [INFO] ingest: Carregando: manual_produtos.pdf
2026-06-19 00:10:38,734 [WARNING] pypdf._reader: incorrect startxref pointer(1)
2026-06-19 00:10:38,735 [WARNING] pypdf._reader: parsing for Object Streams
2026-06-19 00:10:38,753 [INFO] ingest: Carregando: relatorio_mensal.txt
2026-06-19 00:10:38,754 [INFO] ingest: Carregando: vendas_maio2026.xlsx
2026-06-19 00:10:42,723 [INFO] ingest: 📂 Lendo documentos...
2026-06-19 00:10:42,724 [INFO] ingest: ✅ 3 documento(s) carregado(s)

2026-06-19 00:10:42,725 [INFO] chunking: ✅ 5 chunks gerados

2026-06-19 00:10:42,726 [INFO] ingest: ✅ 5 chunks válidos após filtro

2026-06-19 00:10:42,726 [INFO] embeddings: 🧠 Carregando embeddings (HuggingFace)...
2026-06-19 00:10:42,729 [INFO] sentence_transformers.base.model: No device provided, using cpu
2026-06-19 00:10:43,739 [INFO] sentence_transformers.base.model: Loading SentenceTransformer model from sentence-transformers/all-MiniLM-L6-v2.
2026-06-19 00:10:47,644 [INFO] criando: 💾 Criando Vector DB com Chroma...
2026-06-19 00:10:48,331 [INFO] criando: ✅ Vector DB salvo em 'C:\Users\felip\Desktop\Python2026\Projetos IA\ai-agent-demo\src\vectordb'

2026-06-19 00:10:48,331 [INFO] criando: 🎉 Ingest concluído! Pronto para subir no Hugging Face.
2026-06-19 20:43:18,649 [INFO] sentence_transformers.base.model: No device provided, using cpu
2026-06-19 20:43:19,362 [INFO] sentence_transformers.base.model: Loading SentenceTransformer model from sentence-transformers/all-MiniLM-L6-v2.
2026-06-19 20:43:19,480 [WARNING] huggingface_hub.utils._http: '[Errno 11001] getaddrinfo failed' thrown while requesting HEAD https://huggingface.co/sentence-transformers/all-MiniLM-L6-v2/resolve/main/adapter_config.json
2026-06-19 20:43:19,480 [WARNING] huggingface_hub.utils._http: Retrying in 1s [Retry 1/5].
2026-06-19 20:47:56,954 [INFO] sentence_transformers.base.model: No device provided, using cpu
2026-06-19 20:47:58,061 [INFO] sentence_transformers.base.model: Loading SentenceTransformer model from sentence-transformers/all-MiniLM-L6-v2.
2026-06-19 21:29:42,719 [INFO] ingest: DEBUG - DOCS_PATH resolvido: C:\Users\felip\Desktop\Python2026\Projetos IA\ai-agent-demo\src\docs
2026-06-19 21:29:42,720 [INFO] ingest: DEBUG - DOCS_PATH existe? True
2026-06-19 21:29:42,721 [INFO] ingest: DEBUG - Conteúdo: [WindowsPath('C:/Users/felip/Desktop/Python2026/Projetos IA/ai-agent-demo/src/docs/manual_produtos.pdf'), WindowsPath('C:/Users/felip/Desktop/Python2026/Projetos IA/ai-agent-demo/src/docs/relatorio_mensal.txt'), WindowsPath('C:/Users/felip/Desktop/Python2026/Projetos IA/ai-agent-demo/src/docs/vendas_maio2026.xlsx')]
